<?xml version="1.0" encoding="UTF-8"?>
<testsuite xmlns:xsi="http://www.w3.org/2001/XMLSchema-instance" xsi:schemaLocation="https://maven.apache.org/surefire/maven-surefire-plugin/xsd/surefire-test-report.xsd" name="com.thaivun01.evaluation.PostFixCalculatorTest" time="0" tests="20" errors="0" skipped="0" failures="0">
  <properties>
[...]
</properties>
  <testcase name="testCalculate[0 plan[[Ljava.lang.String;@532760d8]=3]]" classname="com.thaivun01.evaluation.PostFixCalculatorTest" time="0"/>
  <testcase name="testCalculate[1 plan[[Ljava.lang.String;@57fa26b7]=0.5]]" classname="com.thaivun01.evaluation.PostFixCalculatorTest" time="0"/>
  <testcase name="testCalculate[2 plan[[Ljava.lang.String;@5f8ed237]=0.3333333333333333]]" classname="com.thaivun01.evaluation.PostFixCalculatorTest" time="0"/>
  <testcase name="testCalculate[3 plan[[Ljava.lang.String;@2f410acf]=1]]" classname="com.thaivun01.evaluation.PostFixCalculatorTest" time="0"/>
  <testcase name="testCalculate[4 plan[[Ljava.lang.String;@47089e5f]=4.285714285714286]]" classname="com.thaivun01.evaluation.PostFixCalculatorTest" time="0"/>
  <testcase name="testCalculate[5 plan[[Ljava.lang.String;@4141d797]=5]]" classname="com.thaivun01.evaluation.PostFixCalculatorTest" time="0"/>
  <testcase name="testCalculate[6 plan[[Ljava.lang.String;@68f7aae2]=52]]" classname="com.thaivun01.evaluation.PostFixCalculatorTest" time="0"/>
  <testcase name="testCalculate[7 plan[[Ljava.lang.String;@4f47d241]=-37990]]" classname="com.thaivun01.evaluation.PostFixCalculatorTest" time="0"/>
  <testcase name="testCalculate[8 plan[[Ljava.lang.String;@4c3e4790]=-3.97]]" classname="com.thaivun01.evaluation.PostFixCalculatorTest" time="0"/>
  <testcase name="testCalculate[9 plan[[Ljava.lang.String;@38cccef]=147.66666666666666]]" classname="com.thaivun01.evaluation.PostFixCalculatorTest" time="0"/>
  <testcase name="testCalculate[10 plan[[Ljava.lang.String;@5679c6c6]=34]]" classname="com.thaivun01.evaluation.PostFixCalculatorTest" time="0"/>
  <testcase name="testCalculate[11 plan[[Ljava.lang.String;@27ddd392]=20]]" classname="com.thaivun01.evaluation.PostFixCalculatorTest" time="0"/>
  <testcase name="testCalculate[12 plan[[Ljava.lang.String;@19e1023e]=908.7996678743962]]" classname="com.thaivun01.evaluation.PostFixCalculatorTest" time="0"/>
  <testcase name="testCalculate[13 plan[[Ljava.lang.String;@7cef4e59]=65]]" classname="com.thaivun01.evaluation.PostFixCalculatorTest" time="0"/>
  <testcase name="testCalculate[14 plan[[Ljava.lang.String;@64b8f8f4]=106]]" classname="com.thaivun01.evaluation.PostFixCalculatorTest" time="0"/>
  <testcase name="testCalculate[15 plan[[Ljava.lang.String;@2db0f6b2]=-4.5]]" classname="com.thaivun01.evaluation.PostFixCalculatorTest" time="0"/>
  <testcase name="testCalculate[16 plan[[Ljava.lang.String;@3cd1f1c8]=-97]]" classname="com.thaivun01.evaluation.PostFixCalculatorTest" time="0"/>
  <testcase name="testCalculate[17 plan[[Ljava.lang.String;@3a4afd8d]=NaN]]" classname="com.thaivun01.evaluation.PostFixCalculatorTest" time="0"/>
  <testcase name="testCalculate[18 plan[[Ljava.lang.String;@1996cd68]=39.89846153846153]]" classname="com.thaivun01.evaluation.PostFixCalculatorTest" time="0"/>
  <testcase name="testCalculate[19 plan[[Ljava.lang.String;@3339ad8e]=6.894736842105264]]" classname="com.thaivun01.evaluation.PostFixCalculatorTest" time="0"/>
</testsuite>